<?xml version="1.0" encoding="UTF-8"?>
<!-- Generated by org.testng.reporters.JUnitXMLReporter -->
<testsuite hostname="ARPGL004406" ignored="4" name="Default test" tests="9" failures="0" timestamp="2021-04-23T12:20:50 IST" time="54.885" errors="0">
  <testcase name="getTocken" time="1.478" classname="DemoProj.Demo.AutomationpractTest"/>
  <testcase name="verifyHomepageDetails" time="0.132" classname="DemoProj.Demo.AutomationpractTest"/>
  <testcase name="validateSignIn" time="7.626" classname="DemoProj.Demo.AutomationpractTest"/>
  <testcase name="verifyPageSearch" time="5.519" classname="DemoProj.Demo.AutomationpractTest"/>
  <testcase name="validateSelectItem" time="5.309" classname="DemoProj.Demo.AutomationpractTest"/>
  <testcase name="enterItemDetails" time="0.272" classname="DemoProj.Demo.AutomationpractTest"/>
  <testcase name="validateAddtocart" time="9.599" classname="DemoProj.Demo.AutomationpractTest"/>
  <testcase name="validateCartSummary" time="0.082" classname="DemoProj.Demo.AutomationpractTest"/>
  <testcase name="validateSignout" time="2.624" classname="DemoProj.Demo.AutomationpractTest"/>
  <testcase name="addPlace" time="0.0" classname="DemoProj.Demo.AutomationpractTest">
    <ignored/>
  </testcase> <!-- addPlace -->
  <testcase name="deletePlace" time="0.0" classname="DemoProj.Demo.AutomationpractTest">
    <ignored/>
  </testcase> <!-- deletePlace -->
  <testcase name="getPlace" time="0.0" classname="DemoProj.Demo.AutomationpractTest">
    <ignored/>
  </testcase> <!-- getPlace -->
  <testcase name="updatePlace" time="0.0" classname="DemoProj.Demo.AutomationpractTest">
    <ignored/>
  </testcase> <!-- updatePlace -->
</testsuite> <!-- Default test -->
