<?xml version="1.0" encoding="UTF-8"?>
<!-- Generated by org.testng.reporters.JUnitXMLReporter -->
<testsuite hostname="DESKTOP-CSB55GA" ignored="4" name="Test" tests="7" failures="0" timestamp="29 Mar 2021 20:08:39 GMT" time="33.451" errors="0">
  <testcase name="getTocken" time="3.511" classname="DemoProj.Demo.AutomationpractTest"/>
  <testcase name="verifyHomepageDetails" time="0.183" classname="DemoProj.Demo.AutomationpractTest"/>
  <testcase name="validateSignIn" time="4.782" classname="DemoProj.Demo.AutomationpractTest"/>
  <testcase name="verifyPagesearch" time="2.416" classname="DemoProj.Demo.AutomationpractTest"/>
  <testcase name="validateSelectitem" time="2.409" classname="DemoProj.Demo.AutomationpractTest"/>
  <testcase name="verifyItemdeatils" time="0.323" classname="DemoProj.Demo.AutomationpractTest"/>
  <testcase name="validateAddtocart" time="6.505" classname="DemoProj.Demo.AutomationpractTest"/>
  <testcase name="addPlace" time="0.0" classname="DemoProj.Demo.AutomationpractTest">
    <ignored/>
  </testcase> <!-- addPlace -->
  <testcase name="deletePlace" time="0.0" classname="DemoProj.Demo.AutomationpractTest">
    <ignored/>
  </testcase> <!-- deletePlace -->
  <testcase name="getPlace" time="0.0" classname="DemoProj.Demo.AutomationpractTest">
    <ignored/>
  </testcase> <!-- getPlace -->
  <testcase name="updatePlace" time="0.0" classname="DemoProj.Demo.AutomationpractTest">
    <ignored/>
  </testcase> <!-- updatePlace -->
</testsuite> <!-- Test -->
