<?xml version="1.0" encoding="UTF-8"?>
<!-- Generated by org.testng.reporters.JUnitXMLReporter -->
<testsuite hostname="DESKTOP-CSB55GA" ignored="4" name="Test" tests="7" failures="0" timestamp="30 Mar 2021 05:38:37 GMT" time="66.618" errors="0">
  <testcase name="getTocken" time="6.809" classname="DemoProj.Demo.AutomationpractTest"/>
  <testcase name="verifyHomepageDetails" time="0.619" classname="DemoProj.Demo.AutomationpractTest"/>
  <testcase name="validateSignIn" time="4.574" classname="DemoProj.Demo.AutomationpractTest"/>
  <testcase name="verifyPagesearch" time="2.144" classname="DemoProj.Demo.AutomationpractTest"/>
  <testcase name="validateSelectitem" time="3.017" classname="DemoProj.Demo.AutomationpractTest"/>
  <testcase name="verifyItemdeatils" time="0.489" classname="DemoProj.Demo.AutomationpractTest"/>
  <testcase name="validateAddtocart" time="15.144" classname="DemoProj.Demo.AutomationpractTest"/>
  <testcase name="addPlace" time="0.0" classname="DemoProj.Demo.AutomationpractTest">
    <ignored/>
  </testcase> <!-- addPlace -->
  <testcase name="deletePlace" time="0.0" classname="DemoProj.Demo.AutomationpractTest">
    <ignored/>
  </testcase> <!-- deletePlace -->
  <testcase name="getPlace" time="0.0" classname="DemoProj.Demo.AutomationpractTest">
    <ignored/>
  </testcase> <!-- getPlace -->
  <testcase name="updatePlace" time="0.0" classname="DemoProj.Demo.AutomationpractTest">
    <ignored/>
  </testcase> <!-- updatePlace -->
</testsuite> <!-- Test -->
