<?xml version="1.0" encoding="UTF-8"?>
<!-- Generated by org.testng.reporters.JUnitXMLReporter -->
<testsuite hostname="ARPGL004406" ignored="4" name="Command line test" tests="7" failures="0" timestamp="2021-04-08T18:30:25 IST" time="33.01" errors="0">
  <testcase name="getTocken" time="1.643" classname="DemoProj.Demo.AutomationpractTest"/>
  <testcase name="verifyHomepageDetails" time="0.083" classname="DemoProj.Demo.AutomationpractTest"/>
  <testcase name="validateSignIn" time="4.126" classname="DemoProj.Demo.AutomationpractTest"/>
  <testcase name="verifyPagesearch" time="1.747" classname="DemoProj.Demo.AutomationpractTest"/>
  <testcase name="validateSelectitem" time="2.909" classname="DemoProj.Demo.AutomationpractTest"/>
  <testcase name="verifyItemdeatils" time="0.116" classname="DemoProj.Demo.AutomationpractTest"/>
  <testcase name="validateAddtocart" time="10.171" classname="DemoProj.Demo.AutomationpractTest"/>
  <testcase name="addPlace" time="0.0" classname="DemoProj.Demo.AutomationpractTest">
    <ignored/>
  </testcase> <!-- addPlace -->
  <testcase name="deletePlace" time="0.0" classname="DemoProj.Demo.AutomationpractTest">
    <ignored/>
  </testcase> <!-- deletePlace -->
  <testcase name="getPlace" time="0.0" classname="DemoProj.Demo.AutomationpractTest">
    <ignored/>
  </testcase> <!-- getPlace -->
  <testcase name="updatePlace" time="0.0" classname="DemoProj.Demo.AutomationpractTest">
    <ignored/>
  </testcase> <!-- updatePlace -->
</testsuite> <!-- Command line test -->
