<?xml version="1.0" encoding="UTF-8"?>
<!-- Generated by org.testng.reporters.JUnitXMLReporter -->
<testsuite hostname="DESKTOP-CSB55GA" ignored="4" name="Command line test" tests="7" failures="0" timestamp="2021-04-06T12:43:15 IST" time="52.924" errors="0">
  <testcase name="getTocken" time="7.9" classname="DemoProj.Demo.AutomationpractTest"/>
  <testcase name="verifyHomepageDetails" time="0.247" classname="DemoProj.Demo.AutomationpractTest"/>
  <testcase name="validateSignIn" time="5.502" classname="DemoProj.Demo.AutomationpractTest"/>
  <testcase name="verifyPagesearch" time="2.034" classname="DemoProj.Demo.AutomationpractTest"/>
  <testcase name="validateSelectitem" time="3.798" classname="DemoProj.Demo.AutomationpractTest"/>
  <testcase name="verifyItemdeatils" time="0.326" classname="DemoProj.Demo.AutomationpractTest"/>
  <testcase name="validateAddtocart" time="15.928" classname="DemoProj.Demo.AutomationpractTest"/>
  <testcase name="addPlace" time="0.0" classname="DemoProj.Demo.AutomationpractTest">
    <ignored/>
  </testcase> <!-- addPlace -->
  <testcase name="deletePlace" time="0.0" classname="DemoProj.Demo.AutomationpractTest">
    <ignored/>
  </testcase> <!-- deletePlace -->
  <testcase name="getPlace" time="0.0" classname="DemoProj.Demo.AutomationpractTest">
    <ignored/>
  </testcase> <!-- getPlace -->
  <testcase name="updatePlace" time="0.0" classname="DemoProj.Demo.AutomationpractTest">
    <ignored/>
  </testcase> <!-- updatePlace -->
</testsuite> <!-- Command line test -->
